<?xml version="1.0" encoding="UTF-8"?>
<coverage generated="1764504541156" clover="3.2.0">
  <project timestamp="1764504541156" name="All files">
    <metrics statements="105" coveredstatements="85" conditionals="49" coveredconditionals="35" methods="24" coveredmethods="18" elements="178" coveredelements="138" complexity="0" loc="105" ncloc="105" packages="1" files="4" classes="4"/>
    <file name="Login.css" path="D:\Ktpm\frontend\src\components\Login.css">
      <metrics statements="0" coveredstatements="0" conditionals="0" coveredconditionals="0" methods="0" coveredmethods="0"/>
    </file>
    <file name="LoginPage.jsx" path="D:\Ktpm\frontend\src\components\LoginPage.jsx">
      <metrics statements="49" coveredstatements="39" conditionals="33" coveredconditionals="23" methods="7" coveredmethods="6"/>
      <line num="6" count="32" type="stmt"/>
      <line num="7" count="32" type="stmt"/>
      <line num="8" count="32" type="stmt"/>
      <line num="9" count="32" type="stmt"/>
      <line num="11" count="32" type="stmt"/>
      <line num="17" count="32" type="stmt"/>
      <line num="22" count="32" type="stmt"/>
      <line num="23" count="8" type="stmt"/>
      <line num="24" count="8" type="stmt"/>
      <line num="27" count="32" type="stmt"/>
      <line num="28" count="6" type="stmt"/>
      <line num="29" count="6" type="stmt"/>
      <line num="32" count="32" type="stmt"/>
      <line num="33" count="4" type="stmt"/>
      <line num="35" count="4" type="cond" truecount="4" falsecount="0"/>
      <line num="36" count="1" type="stmt"/>
      <line num="37" count="1" type="stmt"/>
      <line num="40" count="3" type="stmt"/>
      <line num="41" count="3" type="stmt"/>
      <line num="43" count="1" type="stmt"/>
      <line num="45" count="1" type="stmt"/>
      <line num="47" count="2" type="cond" truecount="1" falsecount="1"/>
      <line num="48" count="2" type="cond" truecount="2" falsecount="0"/>
      <line num="49" count="1" type="stmt"/>
      <line num="51" count="1" type="cond" truecount="2" falsecount="0"/>
      <line num="54" count="0" type="stmt"/>
      <line num="58" count="32" type="stmt"/>
      <line num="59" count="1" type="stmt"/>
      <line num="60" count="1" type="cond" truecount="4" falsecount="1"/>
      <line num="61" count="0" type="stmt"/>
      <line num="62" count="0" type="stmt"/>
      <line num="67" count="1" type="cond" truecount="1" falsecount="1"/>
      <line num="68" count="0" type="stmt"/>
      <line num="69" count="0" type="stmt"/>
      <line num="72" count="1" type="stmt"/>
      <line num="73" count="1" type="stmt"/>
      <line num="74" count="1" type="stmt"/>
      <line num="76" count="1" type="stmt"/>
      <line num="77" count="1" type="stmt"/>
      <line num="78" count="1" type="stmt"/>
      <line num="80" count="1" type="stmt"/>
      <line num="82" count="0" type="cond" truecount="0" falsecount="2"/>
      <line num="83" count="0" type="cond" truecount="0" falsecount="2"/>
      <line num="84" count="0" type="stmt"/>
      <line num="86" count="0" type="cond" truecount="0" falsecount="2"/>
      <line num="89" count="0" type="stmt"/>
      <line num="94" count="32" type="stmt"/>
      <line num="95" count="32" type="stmt"/>
      <line num="97" count="32" type="stmt"/>
    </file>
    <file name="UserPage.css" path="D:\Ktpm\frontend\src\components\UserPage.css">
      <metrics statements="0" coveredstatements="0" conditionals="0" coveredconditionals="0" methods="0" coveredmethods="0"/>
    </file>
    <file name="UserPage.jsx" path="D:\Ktpm\frontend\src\components\UserPage.jsx">
      <metrics statements="56" coveredstatements="46" conditionals="16" coveredconditionals="12" methods="17" coveredmethods="12"/>
      <line num="6" count="3" type="stmt"/>
      <line num="7" count="31" type="stmt"/>
      <line num="8" count="31" type="stmt"/>
      <line num="9" count="31" type="stmt"/>
      <line num="10" count="31" type="stmt"/>
      <line num="11" count="31" type="stmt"/>
      <line num="12" count="31" type="stmt"/>
      <line num="14" count="31" type="stmt"/>
      <line num="15" count="9" type="stmt"/>
      <line num="16" count="9" type="stmt"/>
      <line num="17" count="9" type="stmt"/>
      <line num="18" count="8" type="stmt"/>
      <line num="20" count="1" type="stmt"/>
      <line num="23" count="9" type="cond" truecount="1" falsecount="1"/>
      <line num="26" count="31" type="stmt"/>
      <line num="27" count="2" type="stmt"/>
      <line num="28" count="2" type="stmt"/>
      <line num="31" count="31" type="stmt"/>
      <line num="32" count="3" type="stmt"/>
      <line num="33" count="3" type="stmt"/>
      <line num="34" count="3" type="stmt"/>
      <line num="37" count="31" type="stmt"/>
      <line num="38" count="3" type="stmt"/>
      <line num="44" count="3" type="stmt"/>
      <line num="45" count="3" type="stmt"/>
      <line num="48" count="31" type="stmt"/>
      <line num="51" count="31" type="stmt"/>
      <line num="52" count="6" type="stmt"/>
      <line num="55" count="31" type="stmt"/>
      <line num="56" count="3" type="stmt"/>
      <line num="58" count="3" type="stmt"/>
      <line num="63" count="3" type="cond" truecount="2" falsecount="0"/>
      <line num="64" count="1" type="stmt"/>
      <line num="68" count="1" type="cond" truecount="1" falsecount="1"/>
      <line num="69" count="1" type="stmt"/>
      <line num="71" count="2" type="stmt"/>
      <line num="75" count="1" type="stmt"/>
      <line num="76" count="1" type="stmt"/>
      <line num="78" count="2" type="stmt"/>
      <line num="80" count="1" type="stmt"/>
      <line num="81" count="1" type="stmt"/>
      <line num="85" count="31" type="stmt"/>
      <line num="86" count="0" type="cond" truecount="0" falsecount="2"/>
      <line num="87" count="0" type="stmt"/>
      <line num="88" count="0" type="stmt"/>
      <line num="89" count="0" type="stmt"/>
      <line num="90" count="0" type="stmt"/>
      <line num="92" count="0" type="stmt"/>
      <line num="93" count="0" type="stmt"/>
      <line num="97" count="31" type="stmt"/>
      <line num="98" count="0" type="stmt"/>
      <line num="99" count="0" type="stmt"/>
      <line num="102" count="31" type="stmt"/>
      <line num="131" count="13" type="stmt"/>
      <line num="139" count="3" type="stmt"/>
      <line num="146" count="0" type="stmt"/>
    </file>
  </project>
</coverage>
