{"D:\\Ktpm\\frontend\\src\\components\\Login.css": {"path":"D:\\Ktpm\\frontend\\src\\components\\Login.css","statementMap":{},"fnMap":{},"branchMap":{},"s":{},"f":{},"b":{},"meta":{"lastBranch":0,"lastFunction":0,"lastStatement":0,"seen":{}}}
,"D:\\Ktpm\\frontend\\src\\components\\LoginPage.jsx": {"path":"D:\\Ktpm\\frontend\\src\\components\\LoginPage.jsx","statementMap":{"0":{"start":{"line":6,"column":10},"end":{"line":6,"column":null}},"1":{"start":{"line":7,"column":48},"end":{"line":7,"column":null}},"2":{"start":{"line":8,"column":36},"end":{"line":8,"column":null}},"3":{"start":{"line":9,"column":42},"end":{"line":9,"column":null}},"4":{"start":{"line":11,"column":40},"end":{"line":15,"column":null}},"5":{"start":{"line":17,"column":34},"end":{"line":20,"column":null}},"6":{"start":{"line":22,"column":30},"end":{"line":25,"column":null}},"7":{"start":{"line":23,"column":8},"end":{"line":23,"column":null}},"8":{"start":{"line":24,"column":8},"end":{"line":24,"column":null}},"9":{"start":{"line":27,"column":25},"end":{"line":30,"column":null}},"10":{"start":{"line":28,"column":8},"end":{"line":28,"column":null}},"11":{"start":{"line":29,"column":8},"end":{"line":29,"column":null}},"12":{"start":{"line":32,"column":24},"end":{"line":57,"column":null}},"13":{"start":{"line":33,"column":8},"end":{"line":33,"column":null}},"14":{"start":{"line":35,"column":8},"end":{"line":38,"column":null}},"15":{"start":{"line":36,"column":12},"end":{"line":36,"column":null}},"16":{"start":{"line":37,"column":12},"end":{"line":37,"column":null}},"17":{"start":{"line":40,"column":8},"end":{"line":56,"column":null}},"18":{"start":{"line":41,"column":29},"end":{"line":41,"column":null}},"19":{"start":{"line":43,"column":12},"end":{"line":43,"column":null}},"20":{"start":{"line":45,"column":12},"end":{"line":45,"column":null}},"21":{"start":{"line":47,"column":12},"end":{"line":55,"column":null}},"22":{"start":{"line":48,"column":16},"end":{"line":52,"column":null}},"23":{"start":{"line":49,"column":20},"end":{"line":49,"column":null}},"24":{"start":{"line":51,"column":20},"end":{"line":51,"column":null}},"25":{"start":{"line":54,"column":16},"end":{"line":54,"column":null}},"26":{"start":{"line":58,"column":27},"end":{"line":93,"column":null}},"27":{"start":{"line":59,"column":8},"end":{"line":59,"column":null}},"28":{"start":{"line":60,"column":8},"end":{"line":63,"column":null}},"29":{"start":{"line":61,"column":12},"end":{"line":61,"column":null}},"30":{"start":{"line":62,"column":12},"end":{"line":62,"column":null}},"31":{"start":{"line":67,"column":8},"end":{"line":70,"column":null}},"32":{"start":{"line":68,"column":12},"end":{"line":68,"column":null}},"33":{"start":{"line":69,"column":12},"end":{"line":69,"column":null}},"34":{"start":{"line":72,"column":8},"end":{"line":91,"column":null}},"35":{"start":{"line":73,"column":29},"end":{"line":73,"column":null}},"36":{"start":{"line":74,"column":12},"end":{"line":74,"column":null}},"37":{"start":{"line":76,"column":12},"end":{"line":76,"column":null}},"38":{"start":{"line":77,"column":12},"end":{"line":77,"column":null}},"39":{"start":{"line":78,"column":12},"end":{"line":78,"column":null}},"40":{"start":{"line":80,"column":12},"end":{"line":80,"column":null}},"41":{"start":{"line":82,"column":12},"end":{"line":90,"column":null}},"42":{"start":{"line":83,"column":16},"end":{"line":87,"column":null}},"43":{"start":{"line":84,"column":20},"end":{"line":84,"column":null}},"44":{"start":{"line":86,"column":20},"end":{"line":86,"column":null}},"45":{"start":{"line":89,"column":16},"end":{"line":89,"column":null}},"46":{"start":{"line":94,"column":25},"end":{"line":94,"column":null}},"47":{"start":{"line":94,"column":31},"end":{"line":94,"column":null}},"48":{"start":{"line":95,"column":25},"end":{"line":95,"column":null}},"49":{"start":{"line":95,"column":31},"end":{"line":95,"column":null}},"50":{"start":{"line":97,"column":4},"end":{"line":169,"column":null}}},"fnMap":{"0":{"name":"LoginPage","decl":{"start":{"line":5,"column":9},"end":{"line":5,"column":21}},"loc":{"start":{"line":5,"column":21},"end":{"line":171,"column":null}},"line":5},"1":{"name":"(anonymous_1)","decl":{"start":{"line":22,"column":30},"end":{"line":22,"column":31}},"loc":{"start":{"line":22,"column":37},"end":{"line":25,"column":null}},"line":22},"2":{"name":"(anonymous_2)","decl":{"start":{"line":27,"column":25},"end":{"line":27,"column":26}},"loc":{"start":{"line":27,"column":32},"end":{"line":30,"column":null}},"line":27},"3":{"name":"(anonymous_3)","decl":{"start":{"line":32,"column":24},"end":{"line":32,"column":31}},"loc":{"start":{"line":32,"column":37},"end":{"line":57,"column":null}},"line":32},"4":{"name":"(anonymous_4)","decl":{"start":{"line":58,"column":27},"end":{"line":58,"column":34}},"loc":{"start":{"line":58,"column":40},"end":{"line":93,"column":null}},"line":58},"5":{"name":"(anonymous_5)","decl":{"start":{"line":94,"column":25},"end":{"line":94,"column":31}},"loc":{"start":{"line":94,"column":31},"end":{"line":94,"column":null}},"line":94},"6":{"name":"(anonymous_6)","decl":{"start":{"line":95,"column":25},"end":{"line":95,"column":31}},"loc":{"start":{"line":95,"column":31},"end":{"line":95,"column":null}},"line":95}},"branchMap":{"0":{"loc":{"start":{"line":35,"column":8},"end":{"line":38,"column":null}},"type":"if","locations":[{"start":{"line":35,"column":8},"end":{"line":38,"column":null}},{"start":{},"end":{}}],"line":35},"1":{"loc":{"start":{"line":35,"column":12},"end":{"line":35,"column":53}},"type":"binary-expr","locations":[{"start":{"line":35,"column":12},"end":{"line":35,"column":32}},{"start":{"line":35,"column":32},"end":{"line":35,"column":53}}],"line":35},"2":{"loc":{"start":{"line":47,"column":12},"end":{"line":55,"column":null}},"type":"if","locations":[{"start":{"line":47,"column":12},"end":{"line":55,"column":null}},{"start":{"line":53,"column":19},"end":{"line":55,"column":null}}],"line":47},"3":{"loc":{"start":{"line":48,"column":16},"end":{"line":52,"column":null}},"type":"if","locations":[{"start":{"line":48,"column":16},"end":{"line":52,"column":null}},{"start":{"line":50,"column":23},"end":{"line":52,"column":null}}],"line":48},"4":{"loc":{"start":{"line":51,"column":54},"end":{"line":51,"column":91}},"type":"binary-expr","locations":[{"start":{"line":51,"column":54},"end":{"line":51,"column":75}},{"start":{"line":51,"column":75},"end":{"line":51,"column":91}}],"line":51},"5":{"loc":{"start":{"line":60,"column":8},"end":{"line":63,"column":null}},"type":"if","locations":[{"start":{"line":60,"column":8},"end":{"line":63,"column":null}},{"start":{},"end":{}}],"line":60},"6":{"loc":{"start":{"line":60,"column":12},"end":{"line":60,"column":81}},"type":"binary-expr","locations":[{"start":{"line":60,"column":12},"end":{"line":60,"column":34}},{"start":{"line":60,"column":34},"end":{"line":60,"column":57}},{"start":{"line":60,"column":57},"end":{"line":60,"column":81}}],"line":60},"7":{"loc":{"start":{"line":67,"column":8},"end":{"line":70,"column":null}},"type":"if","locations":[{"start":{"line":67,"column":8},"end":{"line":70,"column":null}},{"start":{},"end":{}}],"line":67},"8":{"loc":{"start":{"line":82,"column":12},"end":{"line":90,"column":null}},"type":"if","locations":[{"start":{"line":82,"column":12},"end":{"line":90,"column":null}},{"start":{"line":88,"column":19},"end":{"line":90,"column":null}}],"line":82},"9":{"loc":{"start":{"line":83,"column":16},"end":{"line":87,"column":null}},"type":"if","locations":[{"start":{"line":83,"column":16},"end":{"line":87,"column":null}},{"start":{"line":85,"column":23},"end":{"line":87,"column":null}}],"line":83},"10":{"loc":{"start":{"line":86,"column":64},"end":{"line":86,"column":101}},"type":"binary-expr","locations":[{"start":{"line":86,"column":64},"end":{"line":86,"column":85}},{"start":{"line":86,"column":85},"end":{"line":86,"column":101}}],"line":86},"11":{"loc":{"start":{"line":100,"column":41},"end":{"line":100,"column":85}},"type":"cond-expr","locations":[{"start":{"line":100,"column":60},"end":{"line":100,"column":83}},{"start":{"line":100,"column":83},"end":{"line":100,"column":85}}],"line":100},"12":{"loc":{"start":{"line":122,"column":25},"end":{"line":122,"column":null}},"type":"binary-expr","locations":[{"start":{"line":122,"column":25},"end":{"line":122,"column":42}},{"start":{"line":122,"column":42},"end":{"line":122,"column":null}}],"line":122},"13":{"loc":{"start":{"line":128,"column":68},"end":{"line":128,"column":99}},"type":"cond-expr","locations":[{"start":{"line":128,"column":87},"end":{"line":128,"column":97}},{"start":{"line":128,"column":97},"end":{"line":128,"column":99}}],"line":128},"14":{"loc":{"start":{"line":148,"column":25},"end":{"line":148,"column":null}},"type":"binary-expr","locations":[{"start":{"line":148,"column":25},"end":{"line":148,"column":39}},{"start":{"line":148,"column":39},"end":{"line":148,"column":null}}],"line":148},"15":{"loc":{"start":{"line":155,"column":47},"end":{"line":155,"column":91}},"type":"cond-expr","locations":[{"start":{"line":155,"column":66},"end":{"line":155,"column":89}},{"start":{"line":155,"column":89},"end":{"line":155,"column":91}}],"line":155}},"s":{"0":32,"1":32,"2":32,"3":32,"4":32,"5":32,"6":32,"7":8,"8":8,"9":32,"10":6,"11":6,"12":32,"13":4,"14":4,"15":1,"16":1,"17":3,"18":3,"19":1,"20":1,"21":2,"22":2,"23":1,"24":1,"25":0,"26":32,"27":1,"28":1,"29":0,"30":0,"31":1,"32":0,"33":0,"34":1,"35":1,"36":1,"37":1,"38":1,"39":1,"40":1,"41":0,"42":0,"43":0,"44":0,"45":0,"46":32,"47":3,"48":32,"49":0,"50":32},"f":{"0":32,"1":8,"2":6,"3":4,"4":1,"5":3,"6":0},"b":{"0":[1,3],"1":[4,3],"2":[2,0],"3":[1,1],"4":[1,1],"5":[0,1],"6":[1,1,1],"7":[0,1],"8":[0,0],"9":[0,0],"10":[0,0],"11":[9,23],"12":[32,0],"13":[9,23],"14":[32,5],"15":[9,23]},"meta":{"lastBranch":16,"lastFunction":7,"lastStatement":51,"seen":{"f:5:9:5:21":0,"s:6:10:6:Infinity":0,"s:7:48:7:Infinity":1,"s:8:36:8:Infinity":2,"s:9:42:9:Infinity":3,"s:11:40:15:Infinity":4,"s:17:34:20:Infinity":5,"s:22:30:25:Infinity":6,"f:22:30:22:31":1,"s:23:8:23:Infinity":7,"s:24:8:24:Infinity":8,"s:27:25:30:Infinity":9,"f:27:25:27:26":2,"s:28:8:28:Infinity":10,"s:29:8:29:Infinity":11,"s:32:24:57:Infinity":12,"f:32:24:32:31":3,"s:33:8:33:Infinity":13,"b:35:8:38:Infinity:undefined:undefined:undefined:undefined":0,"s:35:8:38:Infinity":14,"b:35:12:35:32:35:32:35:53":1,"s:36:12:36:Infinity":15,"s:37:12:37:Infinity":16,"s:40:8:56:Infinity":17,"s:41:29:41:Infinity":18,"s:43:12:43:Infinity":19,"s:45:12:45:Infinity":20,"b:47:12:55:Infinity:53:19:55:Infinity":2,"s:47:12:55:Infinity":21,"b:48:16:52:Infinity:50:23:52:Infinity":3,"s:48:16:52:Infinity":22,"s:49:20:49:Infinity":23,"s:51:20:51:Infinity":24,"b:51:54:51:75:51:75:51:91":4,"s:54:16:54:Infinity":25,"s:58:27:93:Infinity":26,"f:58:27:58:34":4,"s:59:8:59:Infinity":27,"b:60:8:63:Infinity:undefined:undefined:undefined:undefined":5,"s:60:8:63:Infinity":28,"b:60:12:60:34:60:34:60:57:60:57:60:81":6,"s:61:12:61:Infinity":29,"s:62:12:62:Infinity":30,"b:67:8:70:Infinity:undefined:undefined:undefined:undefined":7,"s:67:8:70:Infinity":31,"s:68:12:68:Infinity":32,"s:69:12:69:Infinity":33,"s:72:8:91:Infinity":34,"s:73:29:73:Infinity":35,"s:74:12:74:Infinity":36,"s:76:12:76:Infinity":37,"s:77:12:77:Infinity":38,"s:78:12:78:Infinity":39,"s:80:12:80:Infinity":40,"b:82:12:90:Infinity:88:19:90:Infinity":8,"s:82:12:90:Infinity":41,"b:83:16:87:Infinity:85:23:87:Infinity":9,"s:83:16:87:Infinity":42,"s:84:20:84:Infinity":43,"s:86:20:86:Infinity":44,"b:86:64:86:85:86:85:86:101":10,"s:89:16:89:Infinity":45,"s:94:25:94:Infinity":46,"f:94:25:94:31":5,"s:94:31:94:Infinity":47,"s:95:25:95:Infinity":48,"f:95:25:95:31":6,"s:95:31:95:Infinity":49,"s:97:4:169:Infinity":50,"b:100:60:100:83:100:83:100:85":11,"b:122:25:122:42:122:42:122:Infinity":12,"b:128:87:128:97:128:97:128:99":13,"b:148:25:148:39:148:39:148:Infinity":14,"b:155:66:155:89:155:89:155:91":15}}}
,"D:\\Ktpm\\frontend\\src\\components\\UserPage.css": {"path":"D:\\Ktpm\\frontend\\src\\components\\UserPage.css","statementMap":{},"fnMap":{},"branchMap":{},"s":{},"f":{},"b":{},"meta":{"lastBranch":0,"lastFunction":0,"lastStatement":0,"seen":{}}}
,"D:\\Ktpm\\frontend\\src\\components\\UserPage.jsx": {"path":"D:\\Ktpm\\frontend\\src\\components\\UserPage.jsx","statementMap":{"0":{"start":{"line":6,"column":17},"end":{"line":205,"column":null}},"1":{"start":{"line":7,"column":15},"end":{"line":7,"column":null}},"2":{"start":{"line":8,"column":32},"end":{"line":8,"column":null}},"3":{"start":{"line":9,"column":34},"end":{"line":9,"column":null}},"4":{"start":{"line":10,"column":28},"end":{"line":10,"column":null}},"5":{"start":{"line":11,"column":34},"end":{"line":11,"column":null}},"6":{"start":{"line":12,"column":26},"end":{"line":12,"column":null}},"7":{"start":{"line":14,"column":4},"end":{"line":24,"column":null}},"8":{"start":{"line":15,"column":30},"end":{"line":22,"column":null}},"9":{"start":{"line":16,"column":12},"end":{"line":21,"column":null}},"10":{"start":{"line":17,"column":33},"end":{"line":17,"column":null}},"11":{"start":{"line":18,"column":16},"end":{"line":18,"column":null}},"12":{"start":{"line":20,"column":16},"end":{"line":20,"column":null}},"13":{"start":{"line":23,"column":8},"end":{"line":23,"column":null}},"14":{"start":{"line":23,"column":16},"end":{"line":23,"column":null}},"15":{"start":{"line":26,"column":22},"end":{"line":29,"column":null}},"16":{"start":{"line":27,"column":8},"end":{"line":27,"column":null}},"17":{"start":{"line":28,"column":8},"end":{"line":28,"column":null}},"18":{"start":{"line":28,"column":25},"end":{"line":28,"column":65}},"19":{"start":{"line":31,"column":28},"end":{"line":35,"column":null}},"20":{"start":{"line":32,"column":8},"end":{"line":32,"column":null}},"21":{"start":{"line":33,"column":8},"end":{"line":33,"column":null}},"22":{"start":{"line":34,"column":8},"end":{"line":34,"column":null}},"23":{"start":{"line":37,"column":26},"end":{"line":46,"column":null}},"24":{"start":{"line":38,"column":8},"end":{"line":43,"column":null}},"25":{"start":{"line":44,"column":8},"end":{"line":44,"column":null}},"26":{"start":{"line":45,"column":8},"end":{"line":45,"column":null}},"27":{"start":{"line":48,"column":23},"end":{"line":48,"column":null}},"28":{"start":{"line":48,"column":29},"end":{"line":48,"column":null}},"29":{"start":{"line":51,"column":25},"end":{"line":53,"column":null}},"30":{"start":{"line":52,"column":8},"end":{"line":52,"column":null}},"31":{"start":{"line":55,"column":23},"end":{"line":83,"column":null}},"32":{"start":{"line":56,"column":8},"end":{"line":82,"column":null}},"33":{"start":{"line":58,"column":37},"end":{"line":61,"column":null}},"34":{"start":{"line":63,"column":12},"end":{"line":77,"column":null}},"35":{"start":{"line":64,"column":33},"end":{"line":67,"column":null}},"36":{"start":{"line":68,"column":16},"end":{"line":68,"column":null}},"37":{"start":{"line":68,"column":47},"end":{"line":68,"column":89}},"38":{"start":{"line":69,"column":16},"end":{"line":69,"column":null}},"39":{"start":{"line":71,"column":33},"end":{"line":74,"column":null}},"40":{"start":{"line":75,"column":16},"end":{"line":75,"column":null}},"41":{"start":{"line":76,"column":16},"end":{"line":76,"column":null}},"42":{"start":{"line":78,"column":12},"end":{"line":78,"column":null}},"43":{"start":{"line":80,"column":12},"end":{"line":80,"column":null}},"44":{"start":{"line":81,"column":12},"end":{"line":81,"column":null}},"45":{"start":{"line":85,"column":25},"end":{"line":95,"column":null}},"46":{"start":{"line":86,"column":8},"end":{"line":86,"column":null}},"47":{"start":{"line":86,"column":46},"end":{"line":86,"column":null}},"48":{"start":{"line":87,"column":8},"end":{"line":94,"column":null}},"49":{"start":{"line":88,"column":12},"end":{"line":88,"column":null}},"50":{"start":{"line":89,"column":12},"end":{"line":89,"column":null}},"51":{"start":{"line":89,"column":45},"end":{"line":89,"column":63}},"52":{"start":{"line":90,"column":12},"end":{"line":90,"column":null}},"53":{"start":{"line":92,"column":12},"end":{"line":92,"column":null}},"54":{"start":{"line":93,"column":12},"end":{"line":93,"column":null}},"55":{"start":{"line":97,"column":25},"end":{"line":100,"column":null}},"56":{"start":{"line":98,"column":8},"end":{"line":98,"column":null}},"57":{"start":{"line":99,"column":8},"end":{"line":99,"column":null}},"58":{"start":{"line":102,"column":4},"end":{"line":203,"column":null}},"59":{"start":{"line":131,"column":28},"end":{"line":151,"column":null}},"60":{"start":{"line":139,"column":55},"end":{"line":139,"column":null}},"61":{"start":{"line":146,"column":55},"end":{"line":146,"column":null}}},"fnMap":{"0":{"name":"(anonymous_0)","decl":{"start":{"line":6,"column":17},"end":{"line":6,"column":23}},"loc":{"start":{"line":6,"column":23},"end":{"line":205,"column":null}},"line":6},"1":{"name":"(anonymous_1)","decl":{"start":{"line":14,"column":14},"end":{"line":14,"column":20}},"loc":{"start":{"line":14,"column":20},"end":{"line":24,"column":7}},"line":14},"2":{"name":"(anonymous_2)","decl":{"start":{"line":15,"column":30},"end":{"line":15,"column":42}},"loc":{"start":{"line":15,"column":42},"end":{"line":22,"column":null}},"line":15},"3":{"name":"(anonymous_3)","decl":{"start":{"line":26,"column":22},"end":{"line":26,"column":23}},"loc":{"start":{"line":26,"column":35},"end":{"line":29,"column":null}},"line":26},"4":{"name":"(anonymous_4)","decl":{"start":{"line":28,"column":19},"end":{"line":28,"column":25}},"loc":{"start":{"line":28,"column":25},"end":{"line":28,"column":65}},"line":28},"5":{"name":"(anonymous_5)","decl":{"start":{"line":31,"column":28},"end":{"line":31,"column":34}},"loc":{"start":{"line":31,"column":34},"end":{"line":35,"column":null}},"line":31},"6":{"name":"(anonymous_6)","decl":{"start":{"line":37,"column":26},"end":{"line":37,"column":27}},"loc":{"start":{"line":37,"column":39},"end":{"line":46,"column":null}},"line":37},"7":{"name":"(anonymous_7)","decl":{"start":{"line":48,"column":23},"end":{"line":48,"column":29}},"loc":{"start":{"line":48,"column":29},"end":{"line":48,"column":null}},"line":48},"8":{"name":"(anonymous_8)","decl":{"start":{"line":51,"column":25},"end":{"line":51,"column":26}},"loc":{"start":{"line":51,"column":32},"end":{"line":53,"column":null}},"line":51},"9":{"name":"(anonymous_9)","decl":{"start":{"line":55,"column":23},"end":{"line":55,"column":35}},"loc":{"start":{"line":55,"column":35},"end":{"line":83,"column":null}},"line":55},"10":{"name":"(anonymous_10)","decl":{"start":{"line":68,"column":41},"end":{"line":68,"column":47}},"loc":{"start":{"line":68,"column":47},"end":{"line":68,"column":89}},"line":68},"11":{"name":"(anonymous_11)","decl":{"start":{"line":85,"column":25},"end":{"line":85,"column":32}},"loc":{"start":{"line":85,"column":46},"end":{"line":95,"column":null}},"line":85},"12":{"name":"(anonymous_12)","decl":{"start":{"line":89,"column":40},"end":{"line":89,"column":45}},"loc":{"start":{"line":89,"column":45},"end":{"line":89,"column":63}},"line":89},"13":{"name":"(anonymous_13)","decl":{"start":{"line":97,"column":25},"end":{"line":97,"column":31}},"loc":{"start":{"line":97,"column":31},"end":{"line":100,"column":null}},"line":97},"14":{"name":"(anonymous_14)","decl":{"start":{"line":130,"column":37},"end":{"line":130,"column":null}},"loc":{"start":{"line":131,"column":28},"end":{"line":151,"column":null}},"line":131},"15":{"name":"(anonymous_15)","decl":{"start":{"line":139,"column":49},"end":{"line":139,"column":55}},"loc":{"start":{"line":139,"column":55},"end":{"line":139,"column":null}},"line":139},"16":{"name":"(anonymous_16)","decl":{"start":{"line":146,"column":49},"end":{"line":146,"column":55}},"loc":{"start":{"line":146,"column":55},"end":{"line":146,"column":null}},"line":146}},"branchMap":{"0":{"loc":{"start":{"line":23,"column":8},"end":{"line":23,"column":null}},"type":"if","locations":[{"start":{"line":23,"column":8},"end":{"line":23,"column":null}},{"start":{},"end":{}}],"line":23},"1":{"loc":{"start":{"line":63,"column":12},"end":{"line":77,"column":null}},"type":"if","locations":[{"start":{"line":63,"column":12},"end":{"line":77,"column":null}},{"start":{"line":70,"column":19},"end":{"line":77,"column":null}}],"line":63},"2":{"loc":{"start":{"line":68,"column":47},"end":{"line":68,"column":89}},"type":"cond-expr","locations":[{"start":{"line":68,"column":71},"end":{"line":68,"column":87}},{"start":{"line":68,"column":87},"end":{"line":68,"column":89}}],"line":68},"3":{"loc":{"start":{"line":86,"column":8},"end":{"line":86,"column":null}},"type":"if","locations":[{"start":{"line":86,"column":8},"end":{"line":86,"column":null}},{"start":{},"end":{}}],"line":86},"4":{"loc":{"start":{"line":109,"column":13},"end":{"line":112,"column":null}},"type":"binary-expr","locations":[{"start":{"line":109,"column":13},"end":{"line":109,"column":null}},{"start":{"line":110,"column":16},"end":{"line":112,"column":null}}],"line":109},"5":{"loc":{"start":{"line":129,"column":21},"end":{"line":156,"column":null}},"type":"cond-expr","locations":[{"start":{"line":130,"column":24},"end":{"line":152,"column":null}},{"start":{"line":154,"column":24},"end":{"line":156,"column":null}}],"line":129},"6":{"loc":{"start":{"line":161,"column":13},"end":{"line":201,"column":null}},"type":"binary-expr","locations":[{"start":{"line":161,"column":13},"end":{"line":161,"column":null}},{"start":{"line":162,"column":16},"end":{"line":201,"column":null}}],"line":161},"7":{"loc":{"start":{"line":164,"column":29},"end":{"line":164,"column":69}},"type":"cond-expr","locations":[{"start":{"line":164,"column":38},"end":{"line":164,"column":55}},{"start":{"line":164,"column":55},"end":{"line":164,"column":69}}],"line":164}},"s":{"0":3,"1":31,"2":31,"3":31,"4":31,"5":31,"6":31,"7":31,"8":9,"9":9,"10":9,"11":8,"12":1,"13":9,"14":9,"15":31,"16":2,"17":2,"18":0,"19":31,"20":3,"21":3,"22":3,"23":31,"24":3,"25":3,"26":3,"27":31,"28":1,"29":31,"30":6,"31":31,"32":3,"33":3,"34":3,"35":1,"36":1,"37":1,"38":1,"39":2,"40":1,"41":1,"42":2,"43":1,"44":1,"45":31,"46":0,"47":0,"48":0,"49":0,"50":0,"51":0,"52":0,"53":0,"54":0,"55":31,"56":0,"57":0,"58":31,"59":13,"60":3,"61":0},"f":{"0":31,"1":9,"2":9,"3":2,"4":0,"5":3,"6":3,"7":1,"8":6,"9":3,"10":1,"11":0,"12":0,"13":0,"14":13,"15":3,"16":0},"b":{"0":[9,0],"1":[1,2],"2":[1,0],"3":[0,0],"4":[31,2],"5":[13,18],"6":[31,14],"7":[6,8]},"meta":{"lastBranch":8,"lastFunction":17,"lastStatement":62,"seen":{"s:6:17:205:Infinity":0,"f:6:17:6:23":0,"s:7:15:7:Infinity":1,"s:8:32:8:Infinity":2,"s:9:34:9:Infinity":3,"s:10:28:10:Infinity":4,"s:11:34:11:Infinity":5,"s:12:26:12:Infinity":6,"s:14:4:24:Infinity":7,"f:14:14:14:20":1,"s:15:30:22:Infinity":8,"f:15:30:15:42":2,"s:16:12:21:Infinity":9,"s:17:33:17:Infinity":10,"s:18:16:18:Infinity":11,"s:20:16:20:Infinity":12,"b:23:8:23:Infinity:undefined:undefined:undefined:undefined":0,"s:23:8:23:Infinity":13,"s:23:16:23:Infinity":14,"s:26:22:29:Infinity":15,"f:26:22:26:23":3,"s:27:8:27:Infinity":16,"s:28:8:28:Infinity":17,"f:28:19:28:25":4,"s:28:25:28:65":18,"s:31:28:35:Infinity":19,"f:31:28:31:34":5,"s:32:8:32:Infinity":20,"s:33:8:33:Infinity":21,"s:34:8:34:Infinity":22,"s:37:26:46:Infinity":23,"f:37:26:37:27":6,"s:38:8:43:Infinity":24,"s:44:8:44:Infinity":25,"s:45:8:45:Infinity":26,"s:48:23:48:Infinity":27,"f:48:23:48:29":7,"s:48:29:48:Infinity":28,"s:51:25:53:Infinity":29,"f:51:25:51:26":8,"s:52:8:52:Infinity":30,"s:55:23:83:Infinity":31,"f:55:23:55:35":9,"s:56:8:82:Infinity":32,"s:58:37:61:Infinity":33,"b:63:12:77:Infinity:70:19:77:Infinity":1,"s:63:12:77:Infinity":34,"s:64:33:67:Infinity":35,"s:68:16:68:Infinity":36,"f:68:41:68:47":10,"s:68:47:68:89":37,"b:68:71:68:87:68:87:68:89":2,"s:69:16:69:Infinity":38,"s:71:33:74:Infinity":39,"s:75:16:75:Infinity":40,"s:76:16:76:Infinity":41,"s:78:12:78:Infinity":42,"s:80:12:80:Infinity":43,"s:81:12:81:Infinity":44,"s:85:25:95:Infinity":45,"f:85:25:85:32":11,"b:86:8:86:Infinity:undefined:undefined:undefined:undefined":3,"s:86:8:86:Infinity":46,"s:86:46:86:Infinity":47,"s:87:8:94:Infinity":48,"s:88:12:88:Infinity":49,"s:89:12:89:Infinity":50,"f:89:40:89:45":12,"s:89:45:89:63":51,"s:90:12:90:Infinity":52,"s:92:12:92:Infinity":53,"s:93:12:93:Infinity":54,"s:97:25:100:Infinity":55,"f:97:25:97:31":13,"s:98:8:98:Infinity":56,"s:99:8:99:Infinity":57,"s:102:4:203:Infinity":58,"b:109:13:109:Infinity:110:16:112:Infinity":4,"b:130:24:152:Infinity:154:24:156:Infinity":5,"f:130:37:130:Infinity":14,"s:131:28:151:Infinity":59,"f:139:49:139:55":15,"s:139:55:139:Infinity":60,"f:146:49:146:55":16,"s:146:55:146:Infinity":61,"b:161:13:161:Infinity:162:16:201:Infinity":6,"b:164:38:164:55:164:55:164:69":7}}}
}
