{"C:\\Users\\manh duc\\Documents\\Ktpm\\frontend\\src\\components\\LoginPage.jsx": {"path":"C:\\Users\\manh duc\\Documents\\Ktpm\\frontend\\src\\components\\LoginPage.jsx","statementMap":{"0":{"start":{"line":12,"column":19},"end":{"line":12,"column":32}},"1":{"start":{"line":13,"column":50},"end":{"line":13,"column":65}},"2":{"start":{"line":15,"column":38},"end":{"line":15,"column":50}},"3":{"start":{"line":16,"column":44},"end":{"line":16,"column":56}},"4":{"start":{"line":18,"column":42},"end":{"line":22,"column":4}},"5":{"start":{"line":24,"column":36},"end":{"line":27,"column":4}},"6":{"start":{"line":29,"column":28},"end":{"line":32,"column":3}},"7":{"start":{"line":30,"column":4},"end":{"line":30,"column":68}},"8":{"start":{"line":31,"column":4},"end":{"line":31,"column":22}},"9":{"start":{"line":34,"column":31},"end":{"line":37,"column":3}},"10":{"start":{"line":35,"column":4},"end":{"line":35,"column":74}},"11":{"start":{"line":36,"column":4},"end":{"line":36,"column":25}},"12":{"start":{"line":40,"column":27},"end":{"line":47,"column":3}},"13":{"start":{"line":41,"column":4},"end":{"line":41,"column":46}},"14":{"start":{"line":41,"column":20},"end":{"line":41,"column":46}},"15":{"start":{"line":42,"column":4},"end":{"line":42,"column":48}},"16":{"start":{"line":42,"column":21},"end":{"line":42,"column":48}},"17":{"start":{"line":43,"column":4},"end":{"line":43,"column":93}},"18":{"start":{"line":43,"column":63},"end":{"line":43,"column":93}},"19":{"start":{"line":44,"column":4},"end":{"line":44,"column":54}},"20":{"start":{"line":44,"column":24},"end":{"line":44,"column":54}},"21":{"start":{"line":45,"column":4},"end":{"line":45,"column":82}},"22":{"start":{"line":45,"column":34},"end":{"line":45,"column":82}},"23":{"start":{"line":46,"column":4},"end":{"line":46,"column":16}},"24":{"start":{"line":49,"column":24},"end":{"line":54,"column":3}},"25":{"start":{"line":50,"column":4},"end":{"line":50,"column":48}},"26":{"start":{"line":50,"column":21},"end":{"line":50,"column":48}},"27":{"start":{"line":51,"column":4},"end":{"line":51,"column":93}},"28":{"start":{"line":51,"column":63},"end":{"line":51,"column":93}},"29":{"start":{"line":52,"column":4},"end":{"line":52,"column":54}},"30":{"start":{"line":52,"column":24},"end":{"line":52,"column":54}},"31":{"start":{"line":53,"column":4},"end":{"line":53,"column":16}},"32":{"start":{"line":57,"column":22},"end":{"line":72,"column":3}},"33":{"start":{"line":58,"column":4},"end":{"line":58,"column":23}},"34":{"start":{"line":59,"column":18},"end":{"line":59,"column":42}},"35":{"start":{"line":60,"column":4},"end":{"line":63,"column":5}},"36":{"start":{"line":61,"column":6},"end":{"line":61,"column":27}},"37":{"start":{"line":62,"column":6},"end":{"line":62,"column":13}},"38":{"start":{"line":64,"column":4},"end":{"line":71,"column":5}},"39":{"start":{"line":65,"column":23},"end":{"line":65,"column":45}},"40":{"start":{"line":66,"column":6},"end":{"line":66,"column":66}},"41":{"start":{"line":67,"column":6},"end":{"line":67,"column":45}},"42":{"start":{"line":69,"column":6},"end":{"line":70,"column":85}},"43":{"start":{"line":69,"column":40},"end":{"line":69,"column":84}},"44":{"start":{"line":70,"column":11},"end":{"line":70,"column":85}},"45":{"start":{"line":73,"column":25},"end":{"line":88,"column":3}},"46":{"start":{"line":74,"column":4},"end":{"line":74,"column":23}},"47":{"start":{"line":75,"column":18},"end":{"line":75,"column":48}},"48":{"start":{"line":76,"column":4},"end":{"line":79,"column":5}},"49":{"start":{"line":77,"column":6},"end":{"line":77,"column":30}},"50":{"start":{"line":78,"column":6},"end":{"line":78,"column":13}},"51":{"start":{"line":80,"column":4},"end":{"line":87,"column":5}},"52":{"start":{"line":81,"column":23},"end":{"line":81,"column":51}},"53":{"start":{"line":82,"column":6},"end":{"line":82,"column":66}},"54":{"start":{"line":83,"column":6},"end":{"line":83,"column":45}},"55":{"start":{"line":84,"column":6},"end":{"line":84,"column":33}},"56":{"start":{"line":86,"column":6},"end":{"line":86,"column":68}},"57":{"start":{"line":89,"column":23},"end":{"line":89,"column":54}},"58":{"start":{"line":89,"column":29},"end":{"line":89,"column":54}},"59":{"start":{"line":90,"column":23},"end":{"line":90,"column":55}},"60":{"start":{"line":90,"column":29},"end":{"line":90,"column":55}},"61":{"start":{"line":92,"column":2},"end":{"line":186,"column":4}}},"fnMap":{"0":{"name":"LoginPage","decl":{"start":{"line":11,"column":9},"end":{"line":11,"column":18}},"loc":{"start":{"line":11,"column":21},"end":{"line":187,"column":1}},"line":11},"1":{"name":"(anonymous_1)","decl":{"start":{"line":29,"column":28},"end":{"line":29,"column":29}},"loc":{"start":{"line":29,"column":35},"end":{"line":32,"column":3}},"line":29},"2":{"name":"(anonymous_2)","decl":{"start":{"line":34,"column":31},"end":{"line":34,"column":32}},"loc":{"start":{"line":34,"column":38},"end":{"line":37,"column":3}},"line":34},"3":{"name":"(anonymous_3)","decl":{"start":{"line":40,"column":27},"end":{"line":40,"column":28}},"loc":{"start":{"line":40,"column":37},"end":{"line":47,"column":3}},"line":40},"4":{"name":"(anonymous_4)","decl":{"start":{"line":49,"column":24},"end":{"line":49,"column":25}},"loc":{"start":{"line":49,"column":34},"end":{"line":54,"column":3}},"line":49},"5":{"name":"(anonymous_5)","decl":{"start":{"line":57,"column":22},"end":{"line":57,"column":23}},"loc":{"start":{"line":57,"column":35},"end":{"line":72,"column":3}},"line":57},"6":{"name":"(anonymous_6)","decl":{"start":{"line":73,"column":25},"end":{"line":73,"column":26}},"loc":{"start":{"line":73,"column":38},"end":{"line":88,"column":3}},"line":73},"7":{"name":"(anonymous_7)","decl":{"start":{"line":89,"column":23},"end":{"line":89,"column":24}},"loc":{"start":{"line":89,"column":29},"end":{"line":89,"column":54}},"line":89},"8":{"name":"(anonymous_8)","decl":{"start":{"line":90,"column":23},"end":{"line":90,"column":24}},"loc":{"start":{"line":90,"column":29},"end":{"line":90,"column":55}},"line":90}},"branchMap":{"0":{"loc":{"start":{"line":41,"column":4},"end":{"line":41,"column":46}},"type":"if","locations":[{"start":{"line":41,"column":4},"end":{"line":41,"column":46}},{"start":{},"end":{}}],"line":41},"1":{"loc":{"start":{"line":42,"column":4},"end":{"line":42,"column":48}},"type":"if","locations":[{"start":{"line":42,"column":4},"end":{"line":42,"column":48}},{"start":{},"end":{}}],"line":42},"2":{"loc":{"start":{"line":43,"column":4},"end":{"line":43,"column":93}},"type":"if","locations":[{"start":{"line":43,"column":4},"end":{"line":43,"column":93}},{"start":{},"end":{}}],"line":43},"3":{"loc":{"start":{"line":44,"column":4},"end":{"line":44,"column":54}},"type":"if","locations":[{"start":{"line":44,"column":4},"end":{"line":44,"column":54}},{"start":{},"end":{}}],"line":44},"4":{"loc":{"start":{"line":45,"column":4},"end":{"line":45,"column":82}},"type":"if","locations":[{"start":{"line":45,"column":4},"end":{"line":45,"column":82}},{"start":{},"end":{}}],"line":45},"5":{"loc":{"start":{"line":50,"column":4},"end":{"line":50,"column":48}},"type":"if","locations":[{"start":{"line":50,"column":4},"end":{"line":50,"column":48}},{"start":{},"end":{}}],"line":50},"6":{"loc":{"start":{"line":51,"column":4},"end":{"line":51,"column":93}},"type":"if","locations":[{"start":{"line":51,"column":4},"end":{"line":51,"column":93}},{"start":{},"end":{}}],"line":51},"7":{"loc":{"start":{"line":52,"column":4},"end":{"line":52,"column":54}},"type":"if","locations":[{"start":{"line":52,"column":4},"end":{"line":52,"column":54}},{"start":{},"end":{}}],"line":52},"8":{"loc":{"start":{"line":60,"column":4},"end":{"line":63,"column":5}},"type":"if","locations":[{"start":{"line":60,"column":4},"end":{"line":63,"column":5}},{"start":{},"end":{}}],"line":60},"9":{"loc":{"start":{"line":69,"column":6},"end":{"line":70,"column":85}},"type":"if","locations":[{"start":{"line":69,"column":6},"end":{"line":70,"column":85}},{"start":{"line":70,"column":11},"end":{"line":70,"column":85}}],"line":69},"10":{"loc":{"start":{"line":70,"column":45},"end":{"line":70,"column":82}},"type":"binary-expr","locations":[{"start":{"line":70,"column":45},"end":{"line":70,"column":63}},{"start":{"line":70,"column":67},"end":{"line":70,"column":82}}],"line":70},"11":{"loc":{"start":{"line":76,"column":4},"end":{"line":79,"column":5}},"type":"if","locations":[{"start":{"line":76,"column":4},"end":{"line":79,"column":5}},{"start":{},"end":{}}],"line":76},"12":{"loc":{"start":{"line":86,"column":23},"end":{"line":86,"column":66}},"type":"binary-expr","locations":[{"start":{"line":86,"column":23},"end":{"line":86,"column":41}},{"start":{"line":86,"column":45},"end":{"line":86,"column":66}}],"line":86},"13":{"loc":{"start":{"line":95,"column":32},"end":{"line":95,"column":76}},"type":"cond-expr","locations":[{"start":{"line":95,"column":51},"end":{"line":95,"column":71}},{"start":{"line":95,"column":74},"end":{"line":95,"column":76}}],"line":95},"14":{"loc":{"start":{"line":127,"column":13},"end":{"line":131,"column":13}},"type":"binary-expr","locations":[{"start":{"line":127,"column":13},"end":{"line":127,"column":26}},{"start":{"line":128,"column":14},"end":{"line":130,"column":18}}],"line":127},"15":{"loc":{"start":{"line":160,"column":13},"end":{"line":164,"column":13}},"type":"binary-expr","locations":[{"start":{"line":160,"column":13},"end":{"line":160,"column":23}},{"start":{"line":161,"column":14},"end":{"line":163,"column":18}}],"line":160},"16":{"loc":{"start":{"line":171,"column":37},"end":{"line":171,"column":81}},"type":"cond-expr","locations":[{"start":{"line":171,"column":56},"end":{"line":171,"column":76}},{"start":{"line":171,"column":79},"end":{"line":171,"column":81}}],"line":171}},"s":{"0":49,"1":49,"2":49,"3":49,"4":49,"5":49,"6":49,"7":16,"8":16,"9":49,"10":6,"11":6,"12":49,"13":1,"14":0,"15":1,"16":0,"17":1,"18":0,"19":1,"20":0,"21":1,"22":0,"23":1,"24":49,"25":9,"26":2,"27":7,"28":0,"29":7,"30":1,"31":6,"32":49,"33":9,"34":9,"35":9,"36":3,"37":3,"38":6,"39":6,"40":4,"41":4,"42":5,"43":1,"44":4,"45":49,"46":1,"47":1,"48":1,"49":0,"50":0,"51":1,"52":1,"53":1,"54":1,"55":1,"56":0,"57":49,"58":3,"59":49,"60":0,"61":49},"f":{"0":49,"1":16,"2":6,"3":1,"4":9,"5":9,"6":1,"7":3,"8":0},"b":{"0":[0,1],"1":[0,1],"2":[0,1],"3":[0,1],"4":[0,1],"5":[2,7],"6":[0,7],"7":[1,6],"8":[3,6],"9":[1,4],"10":[4,4],"11":[0,1],"12":[0,0],"13":[9,40],"14":[49,0],"15":[49,7],"16":[9,40]},"_coverageSchema":"1a1c01bbd47fc00a2c39e90264f33305004495a9","hash":"a306b1086263c0571b89fb8713bf44484a9cf0a5"}
,"C:\\Users\\manh duc\\Documents\\Ktpm\\frontend\\src\\components\\ProductForm.jsx": {"path":"C:\\Users\\manh duc\\Documents\\Ktpm\\frontend\\src\\components\\ProductForm.jsx","statementMap":{"0":{"start":{"line":5,"column":32},"end":{"line":11,"column":4}},"1":{"start":{"line":12,"column":28},"end":{"line":12,"column":40}},"2":{"start":{"line":14,"column":23},"end":{"line":15,"column":63}},"3":{"start":{"line":15,"column":4},"end":{"line":15,"column":63}},"4":{"start":{"line":17,"column":23},"end":{"line":28,"column":3}},"5":{"start":{"line":18,"column":4},"end":{"line":18,"column":23}},"6":{"start":{"line":20,"column":23},"end":{"line":20,"column":47}},"7":{"start":{"line":21,"column":4},"end":{"line":24,"column":5}},"8":{"start":{"line":22,"column":6},"end":{"line":22,"column":35}},"9":{"start":{"line":23,"column":6},"end":{"line":23,"column":13}},"10":{"start":{"line":26,"column":4},"end":{"line":26,"column":17}},"11":{"start":{"line":27,"column":4},"end":{"line":27,"column":34}},"12":{"start":{"line":30,"column":2},"end":{"line":68,"column":4}}},"fnMap":{"0":{"name":"ProductForm","decl":{"start":{"line":4,"column":24},"end":{"line":4,"column":35}},"loc":{"start":{"line":4,"column":50},"end":{"line":69,"column":1}},"line":4},"1":{"name":"(anonymous_1)","decl":{"start":{"line":14,"column":23},"end":{"line":14,"column":24}},"loc":{"start":{"line":15,"column":4},"end":{"line":15,"column":63}},"line":15},"2":{"name":"(anonymous_2)","decl":{"start":{"line":17,"column":23},"end":{"line":17,"column":24}},"loc":{"start":{"line":17,"column":30},"end":{"line":28,"column":3}},"line":17}},"branchMap":{"0":{"loc":{"start":{"line":21,"column":4},"end":{"line":24,"column":5}},"type":"if","locations":[{"start":{"line":21,"column":4},"end":{"line":24,"column":5}},{"start":{},"end":{}}],"line":21},"1":{"loc":{"start":{"line":27,"column":4},"end":{"line":27,"column":33}},"type":"binary-expr","locations":[{"start":{"line":27,"column":4},"end":{"line":27,"column":12}},{"start":{"line":27,"column":16},"end":{"line":27,"column":33}}],"line":27},"2":{"loc":{"start":{"line":65,"column":7},"end":{"line":65,"column":36}},"type":"binary-expr","locations":[{"start":{"line":65,"column":7},"end":{"line":65,"column":12}},{"start":{"line":65,"column":16},"end":{"line":65,"column":36}}],"line":65}},"s":{"0":61,"1":61,"2":61,"3":43,"4":61,"5":9,"6":9,"7":9,"8":8,"9":8,"10":1,"11":1,"12":61},"f":{"0":61,"1":43,"2":9},"b":{"0":[8,1],"1":[1,1],"2":[61,8]},"_coverageSchema":"1a1c01bbd47fc00a2c39e90264f33305004495a9","hash":"8d8631ee7492cd9518ea622ef3852bf8f2796749"}
,"C:\\Users\\manh duc\\Documents\\Ktpm\\frontend\\src\\components\\UserPage.jsx": {"path":"C:\\Users\\manh duc\\Documents\\Ktpm\\frontend\\src\\components\\UserPage.jsx","statementMap":{"0":{"start":{"line":6,"column":17},"end":{"line":186,"column":1}},"1":{"start":{"line":7,"column":19},"end":{"line":7,"column":30}},"2":{"start":{"line":8,"column":36},"end":{"line":8,"column":48}},"3":{"start":{"line":9,"column":38},"end":{"line":9,"column":101}},"4":{"start":{"line":10,"column":32},"end":{"line":10,"column":47}},"5":{"start":{"line":11,"column":38},"end":{"line":11,"column":53}},"6":{"start":{"line":12,"column":30},"end":{"line":12,"column":68}},"7":{"start":{"line":15,"column":4},"end":{"line":17,"column":13}},"8":{"start":{"line":16,"column":8},"end":{"line":16,"column":32}},"9":{"start":{"line":16,"column":16},"end":{"line":16,"column":32}},"10":{"start":{"line":19,"column":26},"end":{"line":26,"column":5}},"11":{"start":{"line":20,"column":8},"end":{"line":25,"column":9}},"12":{"start":{"line":21,"column":29},"end":{"line":21,"column":65}},"13":{"start":{"line":22,"column":12},"end":{"line":22,"column":39}},"14":{"start":{"line":24,"column":12},"end":{"line":24,"column":61}},"15":{"start":{"line":28,"column":22},"end":{"line":31,"column":5}},"16":{"start":{"line":29,"column":8},"end":{"line":29,"column":42}},"17":{"start":{"line":30,"column":8},"end":{"line":30,"column":71}},"18":{"start":{"line":30,"column":25},"end":{"line":30,"column":63}},"19":{"start":{"line":33,"column":28},"end":{"line":37,"column":5}},"20":{"start":{"line":34,"column":8},"end":{"line":34,"column":25}},"21":{"start":{"line":35,"column":8},"end":{"line":35,"column":76}},"22":{"start":{"line":36,"column":8},"end":{"line":36,"column":27}},"23":{"start":{"line":39,"column":26},"end":{"line":43,"column":5}},"24":{"start":{"line":40,"column":8},"end":{"line":40,"column":24}},"25":{"start":{"line":41,"column":8},"end":{"line":41,"column":30}},"26":{"start":{"line":42,"column":8},"end":{"line":42,"column":27}},"27":{"start":{"line":45,"column":23},"end":{"line":45,"column":48}},"28":{"start":{"line":45,"column":29},"end":{"line":45,"column":48}},"29":{"start":{"line":47,"column":25},"end":{"line":49,"column":5}},"30":{"start":{"line":48,"column":8},"end":{"line":48,"column":72}},"31":{"start":{"line":51,"column":23},"end":{"line":68,"column":5}},"32":{"start":{"line":52,"column":8},"end":{"line":67,"column":9}},"33":{"start":{"line":54,"column":12},"end":{"line":62,"column":13}},"34":{"start":{"line":55,"column":16},"end":{"line":55,"column":87}},"35":{"start":{"line":56,"column":16},"end":{"line":56,"column":92}},"36":{"start":{"line":56,"column":47},"end":{"line":56,"column":88}},"37":{"start":{"line":57,"column":16},"end":{"line":57,"column":59}},"38":{"start":{"line":59,"column":16},"end":{"line":59,"column":77}},"39":{"start":{"line":60,"column":16},"end":{"line":60,"column":58}},"40":{"start":{"line":61,"column":16},"end":{"line":61,"column":59}},"41":{"start":{"line":63,"column":12},"end":{"line":63,"column":32}},"42":{"start":{"line":65,"column":12},"end":{"line":65,"column":58}},"43":{"start":{"line":66,"column":12},"end":{"line":66,"column":45}},"44":{"start":{"line":70,"column":25},"end":{"line":80,"column":5}},"45":{"start":{"line":71,"column":8},"end":{"line":71,"column":53}},"46":{"start":{"line":71,"column":46},"end":{"line":71,"column":53}},"47":{"start":{"line":72,"column":8},"end":{"line":79,"column":9}},"48":{"start":{"line":73,"column":12},"end":{"line":73,"column":58}},"49":{"start":{"line":74,"column":12},"end":{"line":74,"column":66}},"50":{"start":{"line":74,"column":45},"end":{"line":74,"column":63}},"51":{"start":{"line":75,"column":12},"end":{"line":75,"column":55}},"52":{"start":{"line":77,"column":12},"end":{"line":77,"column":60}},"53":{"start":{"line":78,"column":12},"end":{"line":78,"column":47}},"54":{"start":{"line":82,"column":25},"end":{"line":85,"column":5}},"55":{"start":{"line":83,"column":8},"end":{"line":83,"column":40}},"56":{"start":{"line":84,"column":8},"end":{"line":84,"column":35}},"57":{"start":{"line":87,"column":4},"end":{"line":185,"column":6}},"58":{"start":{"line":116,"column":28},"end":{"line":136,"column":33}},"59":{"start":{"line":124,"column":55},"end":{"line":124,"column":71}},"60":{"start":{"line":131,"column":55},"end":{"line":131,"column":73}}},"fnMap":{"0":{"name":"(anonymous_0)","decl":{"start":{"line":6,"column":17},"end":{"line":6,"column":18}},"loc":{"start":{"line":6,"column":23},"end":{"line":186,"column":1}},"line":6},"1":{"name":"(anonymous_1)","decl":{"start":{"line":15,"column":14},"end":{"line":15,"column":15}},"loc":{"start":{"line":15,"column":20},"end":{"line":17,"column":5}},"line":15},"2":{"name":"(anonymous_2)","decl":{"start":{"line":19,"column":26},"end":{"line":19,"column":27}},"loc":{"start":{"line":19,"column":38},"end":{"line":26,"column":5}},"line":19},"3":{"name":"(anonymous_3)","decl":{"start":{"line":28,"column":22},"end":{"line":28,"column":23}},"loc":{"start":{"line":28,"column":35},"end":{"line":31,"column":5}},"line":28},"4":{"name":"(anonymous_4)","decl":{"start":{"line":30,"column":19},"end":{"line":30,"column":20}},"loc":{"start":{"line":30,"column":25},"end":{"line":30,"column":63}},"line":30},"5":{"name":"(anonymous_5)","decl":{"start":{"line":33,"column":28},"end":{"line":33,"column":29}},"loc":{"start":{"line":33,"column":34},"end":{"line":37,"column":5}},"line":33},"6":{"name":"(anonymous_6)","decl":{"start":{"line":39,"column":26},"end":{"line":39,"column":27}},"loc":{"start":{"line":39,"column":39},"end":{"line":43,"column":5}},"line":39},"7":{"name":"(anonymous_7)","decl":{"start":{"line":45,"column":23},"end":{"line":45,"column":24}},"loc":{"start":{"line":45,"column":29},"end":{"line":45,"column":48}},"line":45},"8":{"name":"(anonymous_8)","decl":{"start":{"line":47,"column":25},"end":{"line":47,"column":26}},"loc":{"start":{"line":47,"column":32},"end":{"line":49,"column":5}},"line":47},"9":{"name":"(anonymous_9)","decl":{"start":{"line":51,"column":23},"end":{"line":51,"column":24}},"loc":{"start":{"line":51,"column":35},"end":{"line":68,"column":5}},"line":51},"10":{"name":"(anonymous_10)","decl":{"start":{"line":56,"column":41},"end":{"line":56,"column":42}},"loc":{"start":{"line":56,"column":47},"end":{"line":56,"column":88}},"line":56},"11":{"name":"(anonymous_11)","decl":{"start":{"line":70,"column":25},"end":{"line":70,"column":26}},"loc":{"start":{"line":70,"column":46},"end":{"line":80,"column":5}},"line":70},"12":{"name":"(anonymous_12)","decl":{"start":{"line":74,"column":40},"end":{"line":74,"column":41}},"loc":{"start":{"line":74,"column":45},"end":{"line":74,"column":63}},"line":74},"13":{"name":"(anonymous_13)","decl":{"start":{"line":82,"column":25},"end":{"line":82,"column":26}},"loc":{"start":{"line":82,"column":31},"end":{"line":85,"column":5}},"line":82},"14":{"name":"(anonymous_14)","decl":{"start":{"line":115,"column":37},"end":{"line":115,"column":38}},"loc":{"start":{"line":116,"column":28},"end":{"line":136,"column":33}},"line":116},"15":{"name":"(anonymous_15)","decl":{"start":{"line":124,"column":49},"end":{"line":124,"column":50}},"loc":{"start":{"line":124,"column":55},"end":{"line":124,"column":71}},"line":124},"16":{"name":"(anonymous_16)","decl":{"start":{"line":131,"column":49},"end":{"line":131,"column":50}},"loc":{"start":{"line":131,"column":55},"end":{"line":131,"column":73}},"line":131}},"branchMap":{"0":{"loc":{"start":{"line":16,"column":8},"end":{"line":16,"column":32}},"type":"if","locations":[{"start":{"line":16,"column":8},"end":{"line":16,"column":32}},{"start":{},"end":{}}],"line":16},"1":{"loc":{"start":{"line":54,"column":12},"end":{"line":62,"column":13}},"type":"if","locations":[{"start":{"line":54,"column":12},"end":{"line":62,"column":13}},{"start":{"line":58,"column":19},"end":{"line":62,"column":13}}],"line":54},"2":{"loc":{"start":{"line":56,"column":47},"end":{"line":56,"column":88}},"type":"cond-expr","locations":[{"start":{"line":56,"column":71},"end":{"line":56,"column":84}},{"start":{"line":56,"column":87},"end":{"line":56,"column":88}}],"line":56},"3":{"loc":{"start":{"line":71,"column":8},"end":{"line":71,"column":53}},"type":"if","locations":[{"start":{"line":71,"column":8},"end":{"line":71,"column":53}},{"start":{},"end":{}}],"line":71},"4":{"loc":{"start":{"line":94,"column":13},"end":{"line":98,"column":13}},"type":"binary-expr","locations":[{"start":{"line":94,"column":13},"end":{"line":94,"column":23}},{"start":{"line":95,"column":16},"end":{"line":97,"column":22}}],"line":94},"5":{"loc":{"start":{"line":114,"column":21},"end":{"line":142,"column":21}},"type":"cond-expr","locations":[{"start":{"line":115,"column":24},"end":{"line":137,"column":26}},{"start":{"line":139,"column":24},"end":{"line":141,"column":29}}],"line":114},"6":{"loc":{"start":{"line":146,"column":13},"end":{"line":183,"column":13}},"type":"binary-expr","locations":[{"start":{"line":146,"column":13},"end":{"line":146,"column":22}},{"start":{"line":147,"column":16},"end":{"line":182,"column":22}}],"line":146},"7":{"loc":{"start":{"line":149,"column":29},"end":{"line":149,"column":68}},"type":"cond-expr","locations":[{"start":{"line":149,"column":38},"end":{"line":149,"column":52}},{"start":{"line":149,"column":55},"end":{"line":149,"column":68}}],"line":149}},"s":{"0":4,"1":49,"2":49,"3":49,"4":49,"5":49,"6":49,"7":49,"8":14,"9":14,"10":49,"11":14,"12":14,"13":12,"14":2,"15":49,"16":5,"17":5,"18":0,"19":49,"20":4,"21":4,"22":4,"23":49,"24":4,"25":4,"26":4,"27":49,"28":1,"29":49,"30":10,"31":49,"32":5,"33":5,"34":2,"35":2,"36":2,"37":2,"38":3,"39":2,"40":2,"41":4,"42":1,"43":1,"44":49,"45":1,"46":0,"47":1,"48":1,"49":1,"50":1,"51":1,"52":0,"53":0,"54":49,"55":0,"56":0,"57":49,"58":23,"59":4,"60":1},"f":{"0":49,"1":14,"2":14,"3":5,"4":0,"5":4,"6":4,"7":1,"8":10,"9":5,"10":2,"11":1,"12":1,"13":0,"14":23,"15":4,"16":1},"b":{"0":[14,0],"1":[2,3],"2":[2,0],"3":[0,1],"4":[49,5],"5":[22,27],"6":[49,21],"7":[8,13]},"_coverageSchema":"1a1c01bbd47fc00a2c39e90264f33305004495a9","hash":"87dba34f7bcc23ebb3988b4d8af65164e420b012"}
,"C:\\Users\\manh duc\\Documents\\Ktpm\\frontend\\src\\services\\ProductService.js": {"path":"C:\\Users\\manh duc\\Documents\\Ktpm\\frontend\\src\\services\\ProductService.js","statementMap":{"0":{"start":{"line":3,"column":16},"end":{"line":3,"column":52}},"1":{"start":{"line":5,"column":27},"end":{"line":5,"column":72}},"2":{"start":{"line":5,"column":39},"end":{"line":5,"column":72}},"3":{"start":{"line":6,"column":29},"end":{"line":6,"column":101}},"4":{"start":{"line":6,"column":54},"end":{"line":6,"column":101}},"5":{"start":{"line":7,"column":29},"end":{"line":7,"column":106}},"6":{"start":{"line":7,"column":57},"end":{"line":7,"column":106}},"7":{"start":{"line":8,"column":29},"end":{"line":8,"column":83}},"8":{"start":{"line":8,"column":44},"end":{"line":8,"column":83}}},"fnMap":{"0":{"name":"(anonymous_0)","decl":{"start":{"line":5,"column":27},"end":{"line":5,"column":28}},"loc":{"start":{"line":5,"column":39},"end":{"line":5,"column":72}},"line":5},"1":{"name":"(anonymous_1)","decl":{"start":{"line":6,"column":29},"end":{"line":6,"column":30}},"loc":{"start":{"line":6,"column":54},"end":{"line":6,"column":101}},"line":6},"2":{"name":"(anonymous_2)","decl":{"start":{"line":7,"column":29},"end":{"line":7,"column":30}},"loc":{"start":{"line":7,"column":57},"end":{"line":7,"column":106}},"line":7},"3":{"name":"(anonymous_3)","decl":{"start":{"line":8,"column":29},"end":{"line":8,"column":30}},"loc":{"start":{"line":8,"column":44},"end":{"line":8,"column":83}},"line":8}},"branchMap":{},"s":{"0":4,"1":4,"2":9,"3":4,"4":2,"5":4,"6":1,"7":4,"8":0},"f":{"0":9,"1":2,"2":1,"3":0},"b":{},"_coverageSchema":"1a1c01bbd47fc00a2c39e90264f33305004495a9","hash":"18f2175d3ebbbe21a5db703b2465e38a948c3865"}
,"C:\\Users\\manh duc\\Documents\\Ktpm\\frontend\\src\\services\\authService.js": {"path":"C:\\Users\\manh duc\\Documents\\Ktpm\\frontend\\src\\services\\authService.js","statementMap":{"0":{"start":{"line":3,"column":16},"end":{"line":3,"column":48}},"1":{"start":{"line":5,"column":24},"end":{"line":7,"column":1}},"2":{"start":{"line":6,"column":4},"end":{"line":6,"column":55}},"3":{"start":{"line":9,"column":21},"end":{"line":11,"column":1}},"4":{"start":{"line":10,"column":4},"end":{"line":10,"column":52}}},"fnMap":{"0":{"name":"(anonymous_0)","decl":{"start":{"line":5,"column":24},"end":{"line":5,"column":25}},"loc":{"start":{"line":5,"column":38},"end":{"line":7,"column":1}},"line":5},"1":{"name":"(anonymous_1)","decl":{"start":{"line":9,"column":21},"end":{"line":9,"column":22}},"loc":{"start":{"line":9,"column":35},"end":{"line":11,"column":1}},"line":9}},"branchMap":{},"s":{"0":1,"1":1,"2":0,"3":1,"4":0},"f":{"0":0,"1":0},"b":{},"_coverageSchema":"1a1c01bbd47fc00a2c39e90264f33305004495a9","hash":"ea97a6f3635d2043ec99ed13cbea153d8f9029a6"}
,"C:\\Users\\manh duc\\Documents\\Ktpm\\frontend\\src\\services\\productValidation.js": {"path":"C:\\Users\\manh duc\\Documents\\Ktpm\\frontend\\src\\services\\productValidation.js","statementMap":{"0":{"start":{"line":2,"column":16},"end":{"line":25,"column":3}},"1":{"start":{"line":4,"column":19},"end":{"line":4,"column":62}},"2":{"start":{"line":8,"column":19},"end":{"line":8,"column":70}},"3":{"start":{"line":11,"column":19},"end":{"line":11,"column":37}},"4":{"start":{"line":13,"column":19},"end":{"line":13,"column":42}},"5":{"start":{"line":16,"column":19},"end":{"line":16,"column":39}},"6":{"start":{"line":18,"column":19},"end":{"line":18,"column":74}},"7":{"start":{"line":22,"column":19},"end":{"line":22,"column":70}},"8":{"start":{"line":26,"column":2},"end":{"line":28,"column":3}},"9":{"start":{"line":27,"column":4},"end":{"line":27,"column":69}},"10":{"start":{"line":27,"column":22},"end":{"line":27,"column":69}},"11":{"start":{"line":29,"column":2},"end":{"line":29,"column":38}}},"fnMap":{"0":{"name":"validateProduct","decl":{"start":{"line":1,"column":16},"end":{"line":1,"column":31}},"loc":{"start":{"line":1,"column":41},"end":{"line":30,"column":1}},"line":1},"1":{"name":"(anonymous_1)","decl":{"start":{"line":4,"column":13},"end":{"line":4,"column":14}},"loc":{"start":{"line":4,"column":19},"end":{"line":4,"column":62}},"line":4},"2":{"name":"(anonymous_2)","decl":{"start":{"line":8,"column":13},"end":{"line":8,"column":14}},"loc":{"start":{"line":8,"column":19},"end":{"line":8,"column":70}},"line":8},"3":{"name":"(anonymous_3)","decl":{"start":{"line":11,"column":13},"end":{"line":11,"column":14}},"loc":{"start":{"line":11,"column":19},"end":{"line":11,"column":37}},"line":11},"4":{"name":"(anonymous_4)","decl":{"start":{"line":13,"column":13},"end":{"line":13,"column":14}},"loc":{"start":{"line":13,"column":19},"end":{"line":13,"column":42}},"line":13},"5":{"name":"(anonymous_5)","decl":{"start":{"line":16,"column":13},"end":{"line":16,"column":14}},"loc":{"start":{"line":16,"column":19},"end":{"line":16,"column":39}},"line":16},"6":{"name":"(anonymous_6)","decl":{"start":{"line":18,"column":13},"end":{"line":18,"column":14}},"loc":{"start":{"line":18,"column":19},"end":{"line":18,"column":74}},"line":18},"7":{"name":"(anonymous_7)","decl":{"start":{"line":22,"column":13},"end":{"line":22,"column":14}},"loc":{"start":{"line":22,"column":19},"end":{"line":22,"column":70}},"line":22}},"branchMap":{"0":{"loc":{"start":{"line":4,"column":19},"end":{"line":4,"column":62}},"type":"binary-expr","locations":[{"start":{"line":4,"column":19},"end":{"line":4,"column":32}},{"start":{"line":4,"column":36},"end":{"line":4,"column":62}}],"line":4},"1":{"loc":{"start":{"line":8,"column":19},"end":{"line":8,"column":70}},"type":"binary-expr","locations":[{"start":{"line":8,"column":19},"end":{"line":8,"column":42}},{"start":{"line":8,"column":46},"end":{"line":8,"column":70}}],"line":8},"2":{"loc":{"start":{"line":18,"column":19},"end":{"line":18,"column":74}},"type":"binary-expr","locations":[{"start":{"line":18,"column":19},"end":{"line":18,"column":38}},{"start":{"line":18,"column":42},"end":{"line":18,"column":74}}],"line":18},"3":{"loc":{"start":{"line":22,"column":19},"end":{"line":22,"column":70}},"type":"binary-expr","locations":[{"start":{"line":22,"column":19},"end":{"line":22,"column":36}},{"start":{"line":22,"column":40},"end":{"line":22,"column":70}}],"line":22},"4":{"loc":{"start":{"line":27,"column":4},"end":{"line":27,"column":69}},"type":"if","locations":[{"start":{"line":27,"column":4},"end":{"line":27,"column":69}},{"start":{},"end":{}}],"line":27}},"s":{"0":18,"1":18,"2":16,"3":12,"4":10,"5":8,"6":6,"7":4,"8":18,"9":74,"10":16,"11":2},"f":{"0":18,"1":18,"2":16,"3":12,"4":10,"5":8,"6":6,"7":4},"b":{"0":[18,16],"1":[16,14],"2":[6,5],"3":[4,2],"4":[16,58]},"_coverageSchema":"1a1c01bbd47fc00a2c39e90264f33305004495a9","hash":"bbdf25da242a4d45d081aa8627c5665af75fd011"}
,"C:\\Users\\manh duc\\Documents\\Ktpm\\frontend\\src\\services\\validation.js": {"path":"C:\\Users\\manh duc\\Documents\\Ktpm\\frontend\\src\\services\\validation.js","statementMap":{"0":{"start":{"line":3,"column":16},"end":{"line":3,"column":51}},"1":{"start":{"line":4,"column":24},"end":{"line":4,"column":67}},"2":{"start":{"line":5,"column":23},"end":{"line":5,"column":56}},"3":{"start":{"line":7,"column":2},"end":{"line":7,"column":78}},"4":{"start":{"line":7,"column":13},"end":{"line":7,"column":78}},"5":{"start":{"line":9,"column":2},"end":{"line":10,"column":71}},"6":{"start":{"line":10,"column":4},"end":{"line":10,"column":71}},"7":{"start":{"line":12,"column":2},"end":{"line":13,"column":73}},"8":{"start":{"line":13,"column":4},"end":{"line":13,"column":73}},"9":{"start":{"line":15,"column":2},"end":{"line":15,"column":25}},"10":{"start":{"line":19,"column":16},"end":{"line":19,"column":25}},"11":{"start":{"line":20,"column":24},"end":{"line":20,"column":67}},"12":{"start":{"line":21,"column":24},"end":{"line":21,"column":50}},"13":{"start":{"line":22,"column":24},"end":{"line":22,"column":47}},"14":{"start":{"line":24,"column":2},"end":{"line":24,"column":78}},"15":{"start":{"line":24,"column":13},"end":{"line":24,"column":78}},"16":{"start":{"line":26,"column":2},"end":{"line":27,"column":71}},"17":{"start":{"line":27,"column":4},"end":{"line":27,"column":71}},"18":{"start":{"line":29,"column":2},"end":{"line":29,"column":80}},"19":{"start":{"line":29,"column":21},"end":{"line":29,"column":80}},"20":{"start":{"line":31,"column":2},"end":{"line":31,"column":79}},"21":{"start":{"line":31,"column":21},"end":{"line":31,"column":79}},"22":{"start":{"line":33,"column":2},"end":{"line":33,"column":25}},"23":{"start":{"line":38,"column":2},"end":{"line":40,"column":3}},"24":{"start":{"line":39,"column":4},"end":{"line":39,"column":66}},"25":{"start":{"line":42,"column":2},"end":{"line":44,"column":3}},"26":{"start":{"line":43,"column":4},"end":{"line":43,"column":59}},"27":{"start":{"line":46,"column":2},"end":{"line":46,"column":38}}},"fnMap":{"0":{"name":"validateUsername","decl":{"start":{"line":2,"column":16},"end":{"line":2,"column":32}},"loc":{"start":{"line":2,"column":43},"end":{"line":16,"column":1}},"line":2},"1":{"name":"validatePassword","decl":{"start":{"line":18,"column":16},"end":{"line":18,"column":32}},"loc":{"start":{"line":18,"column":43},"end":{"line":34,"column":1}},"line":18},"2":{"name":"validateEmail","decl":{"start":{"line":37,"column":16},"end":{"line":37,"column":29}},"loc":{"start":{"line":37,"column":37},"end":{"line":47,"column":1}},"line":37}},"branchMap":{"0":{"loc":{"start":{"line":3,"column":16},"end":{"line":3,"column":51}},"type":"binary-expr","locations":[{"start":{"line":3,"column":16},"end":{"line":3,"column":25}},{"start":{"line":3,"column":29},"end":{"line":3,"column":51}}],"line":3},"1":{"loc":{"start":{"line":4,"column":24},"end":{"line":4,"column":67}},"type":"binary-expr","locations":[{"start":{"line":4,"column":24},"end":{"line":4,"column":43}},{"start":{"line":4,"column":47},"end":{"line":4,"column":67}}],"line":4},"2":{"loc":{"start":{"line":7,"column":2},"end":{"line":7,"column":78}},"type":"if","locations":[{"start":{"line":7,"column":2},"end":{"line":7,"column":78}},{"start":{},"end":{}}],"line":7},"3":{"loc":{"start":{"line":9,"column":2},"end":{"line":10,"column":71}},"type":"if","locations":[{"start":{"line":9,"column":2},"end":{"line":10,"column":71}},{"start":{},"end":{}}],"line":9},"4":{"loc":{"start":{"line":12,"column":2},"end":{"line":13,"column":73}},"type":"if","locations":[{"start":{"line":12,"column":2},"end":{"line":13,"column":73}},{"start":{},"end":{}}],"line":12},"5":{"loc":{"start":{"line":20,"column":24},"end":{"line":20,"column":67}},"type":"binary-expr","locations":[{"start":{"line":20,"column":24},"end":{"line":20,"column":43}},{"start":{"line":20,"column":47},"end":{"line":20,"column":67}}],"line":20},"6":{"loc":{"start":{"line":24,"column":2},"end":{"line":24,"column":78}},"type":"if","locations":[{"start":{"line":24,"column":2},"end":{"line":24,"column":78}},{"start":{},"end":{}}],"line":24},"7":{"loc":{"start":{"line":26,"column":2},"end":{"line":27,"column":71}},"type":"if","locations":[{"start":{"line":26,"column":2},"end":{"line":27,"column":71}},{"start":{},"end":{}}],"line":26},"8":{"loc":{"start":{"line":29,"column":2},"end":{"line":29,"column":80}},"type":"if","locations":[{"start":{"line":29,"column":2},"end":{"line":29,"column":80}},{"start":{},"end":{}}],"line":29},"9":{"loc":{"start":{"line":31,"column":2},"end":{"line":31,"column":79}},"type":"if","locations":[{"start":{"line":31,"column":2},"end":{"line":31,"column":79}},{"start":{},"end":{}}],"line":31},"10":{"loc":{"start":{"line":38,"column":2},"end":{"line":40,"column":3}},"type":"if","locations":[{"start":{"line":38,"column":2},"end":{"line":40,"column":3}},{"start":{},"end":{}}],"line":38},"11":{"loc":{"start":{"line":38,"column":6},"end":{"line":38,"column":35}},"type":"binary-expr","locations":[{"start":{"line":38,"column":6},"end":{"line":38,"column":12}},{"start":{"line":38,"column":16},"end":{"line":38,"column":35}}],"line":38},"12":{"loc":{"start":{"line":42,"column":2},"end":{"line":44,"column":3}},"type":"if","locations":[{"start":{"line":42,"column":2},"end":{"line":44,"column":3}},{"start":{},"end":{}}],"line":42}},"s":{"0":5,"1":5,"2":5,"3":5,"4":1,"5":4,"6":2,"7":2,"8":1,"9":1,"10":6,"11":6,"12":6,"13":6,"14":6,"15":1,"16":5,"17":2,"18":3,"19":1,"20":2,"21":1,"22":1,"23":0,"24":0,"25":0,"26":0,"27":0},"f":{"0":5,"1":6,"2":0},"b":{"0":[5,4],"1":[5,3],"2":[1,4],"3":[2,2],"4":[1,1],"5":[6,4],"6":[1,5],"7":[2,3],"8":[1,2],"9":[1,1],"10":[0,0],"11":[0,0],"12":[0,0]},"_coverageSchema":"1a1c01bbd47fc00a2c39e90264f33305004495a9","hash":"b2b6f1e2380389391423feb340acebf32830855a"}
}
