TN:
SF:src\components\LoginPage.jsx
FN:11,LoginPage
FN:29,(anonymous_1)
FN:34,(anonymous_2)
FN:40,(anonymous_3)
FN:49,(anonymous_4)
FN:57,(anonymous_5)
FN:73,(anonymous_6)
FN:89,(anonymous_7)
FN:90,(anonymous_8)
FNF:9
FNH:8
FNDA:49,LoginPage
FNDA:16,(anonymous_1)
FNDA:6,(anonymous_2)
FNDA:1,(anonymous_3)
FNDA:9,(anonymous_4)
FNDA:9,(anonymous_5)
FNDA:1,(anonymous_6)
FNDA:3,(anonymous_7)
FNDA:0,(anonymous_8)
DA:12,49
DA:13,49
DA:15,49
DA:16,49
DA:18,49
DA:24,49
DA:29,49
DA:30,16
DA:31,16
DA:34,49
DA:35,6
DA:36,6
DA:40,49
DA:41,1
DA:42,1
DA:43,1
DA:44,1
DA:45,1
DA:46,1
DA:49,49
DA:50,9
DA:51,7
DA:52,7
DA:53,6
DA:57,49
DA:58,9
DA:59,9
DA:60,9
DA:61,3
DA:62,3
DA:64,6
DA:65,6
DA:66,4
DA:67,4
DA:69,5
DA:70,4
DA:73,49
DA:74,1
DA:75,1
DA:76,1
DA:77,0
DA:78,0
DA:80,1
DA:81,1
DA:82,1
DA:83,1
DA:84,1
DA:86,0
DA:89,49
DA:90,49
DA:92,49
LF:51
LH:48
BRDA:41,0,0,0
BRDA:41,0,1,1
BRDA:42,1,0,0
BRDA:42,1,1,1
BRDA:43,2,0,0
BRDA:43,2,1,1
BRDA:44,3,0,0
BRDA:44,3,1,1
BRDA:45,4,0,0
BRDA:45,4,1,1
BRDA:50,5,0,2
BRDA:50,5,1,7
BRDA:51,6,0,0
BRDA:51,6,1,7
BRDA:52,7,0,1
BRDA:52,7,1,6
BRDA:60,8,0,3
BRDA:60,8,1,6
BRDA:69,9,0,1
BRDA:69,9,1,4
BRDA:70,10,0,4
BRDA:70,10,1,4
BRDA:76,11,0,0
BRDA:76,11,1,1
BRDA:86,12,0,0
BRDA:86,12,1,0
BRDA:95,13,0,9
BRDA:95,13,1,40
BRDA:127,14,0,49
BRDA:127,14,1,0
BRDA:160,15,0,49
BRDA:160,15,1,7
BRDA:171,16,0,9
BRDA:171,16,1,40
BRF:34
BRH:24
end_of_record
TN:
SF:src\components\ProductForm.jsx
FN:4,ProductForm
FN:14,(anonymous_1)
FN:17,(anonymous_2)
FNF:3
FNH:3
FNDA:61,ProductForm
FNDA:43,(anonymous_1)
FNDA:9,(anonymous_2)
DA:5,61
DA:12,61
DA:14,61
DA:15,43
DA:17,61
DA:18,9
DA:20,9
DA:21,9
DA:22,8
DA:23,8
DA:26,1
DA:27,1
DA:30,61
LF:13
LH:13
BRDA:21,0,0,8
BRDA:21,0,1,1
BRDA:27,1,0,1
BRDA:27,1,1,1
BRDA:65,2,0,61
BRDA:65,2,1,8
BRF:6
BRH:6
end_of_record
TN:
SF:src\components\UserPage.jsx
FN:6,(anonymous_0)
FN:15,(anonymous_1)
FN:19,(anonymous_2)
FN:28,(anonymous_3)
FN:30,(anonymous_4)
FN:33,(anonymous_5)
FN:39,(anonymous_6)
FN:45,(anonymous_7)
FN:47,(anonymous_8)
FN:51,(anonymous_9)
FN:56,(anonymous_10)
FN:70,(anonymous_11)
FN:74,(anonymous_12)
FN:82,(anonymous_13)
FN:115,(anonymous_14)
FN:124,(anonymous_15)
FN:131,(anonymous_16)
FNF:17
FNH:15
FNDA:49,(anonymous_0)
FNDA:14,(anonymous_1)
FNDA:14,(anonymous_2)
FNDA:5,(anonymous_3)
FNDA:0,(anonymous_4)
FNDA:4,(anonymous_5)
FNDA:4,(anonymous_6)
FNDA:1,(anonymous_7)
FNDA:10,(anonymous_8)
FNDA:5,(anonymous_9)
FNDA:2,(anonymous_10)
FNDA:1,(anonymous_11)
FNDA:1,(anonymous_12)
FNDA:0,(anonymous_13)
FNDA:23,(anonymous_14)
FNDA:4,(anonymous_15)
FNDA:1,(anonymous_16)
DA:6,4
DA:7,49
DA:8,49
DA:9,49
DA:10,49
DA:11,49
DA:12,49
DA:15,49
DA:16,14
DA:19,49
DA:20,14
DA:21,14
DA:22,12
DA:24,2
DA:28,49
DA:29,5
DA:30,5
DA:33,49
DA:34,4
DA:35,4
DA:36,4
DA:39,49
DA:40,4
DA:41,4
DA:42,4
DA:45,49
DA:47,49
DA:48,10
DA:51,49
DA:52,5
DA:54,5
DA:55,2
DA:56,2
DA:57,2
DA:59,3
DA:60,2
DA:61,2
DA:63,4
DA:65,1
DA:66,1
DA:70,49
DA:71,1
DA:72,1
DA:73,1
DA:74,1
DA:75,1
DA:77,0
DA:78,0
DA:82,49
DA:83,0
DA:84,0
DA:87,49
DA:116,23
DA:124,4
DA:131,1
LF:55
LH:51
BRDA:16,0,0,14
BRDA:16,0,1,0
BRDA:54,1,0,2
BRDA:54,1,1,3
BRDA:56,2,0,2
BRDA:56,2,1,0
BRDA:71,3,0,0
BRDA:71,3,1,1
BRDA:94,4,0,49
BRDA:94,4,1,5
BRDA:114,5,0,22
BRDA:114,5,1,27
BRDA:146,6,0,49
BRDA:146,6,1,21
BRDA:149,7,0,8
BRDA:149,7,1,13
BRF:16
BRH:13
end_of_record
TN:
SF:src\services\ProductService.js
FN:5,(anonymous_0)
FN:6,(anonymous_1)
FN:7,(anonymous_2)
FN:8,(anonymous_3)
FNF:4
FNH:3
FNDA:9,(anonymous_0)
FNDA:2,(anonymous_1)
FNDA:1,(anonymous_2)
FNDA:0,(anonymous_3)
DA:3,4
DA:5,9
DA:6,4
DA:7,4
DA:8,4
LF:5
LH:5
BRF:0
BRH:0
end_of_record
TN:
SF:src\services\authService.js
FN:5,(anonymous_0)
FN:9,(anonymous_1)
FNF:2
FNH:0
FNDA:0,(anonymous_0)
FNDA:0,(anonymous_1)
DA:3,1
DA:5,1
DA:6,0
DA:9,1
DA:10,0
LF:5
LH:3
BRF:0
BRH:0
end_of_record
TN:
SF:src\services\productValidation.js
FN:1,validateProduct
FN:4,(anonymous_1)
FN:8,(anonymous_2)
FN:11,(anonymous_3)
FN:13,(anonymous_4)
FN:16,(anonymous_5)
FN:18,(anonymous_6)
FN:22,(anonymous_7)
FNF:8
FNH:8
FNDA:18,validateProduct
FNDA:18,(anonymous_1)
FNDA:16,(anonymous_2)
FNDA:12,(anonymous_3)
FNDA:10,(anonymous_4)
FNDA:8,(anonymous_5)
FNDA:6,(anonymous_6)
FNDA:4,(anonymous_7)
DA:2,18
DA:4,18
DA:8,16
DA:11,12
DA:13,10
DA:16,8
DA:18,6
DA:22,4
DA:26,18
DA:27,74
DA:29,2
LF:11
LH:11
BRDA:4,0,0,18
BRDA:4,0,1,16
BRDA:8,1,0,16
BRDA:8,1,1,14
BRDA:18,2,0,6
BRDA:18,2,1,5
BRDA:22,3,0,4
BRDA:22,3,1,2
BRDA:27,4,0,16
BRDA:27,4,1,58
BRF:10
BRH:10
end_of_record
TN:
SF:src\services\validation.js
FN:2,validateUsername
FN:18,validatePassword
FN:37,validateEmail
FNF:3
FNH:2
FNDA:5,validateUsername
FNDA:6,validatePassword
FNDA:0,validateEmail
DA:3,5
DA:4,5
DA:5,5
DA:7,5
DA:9,4
DA:10,2
DA:12,2
DA:13,1
DA:15,1
DA:19,6
DA:20,6
DA:21,6
DA:22,6
DA:24,6
DA:26,5
DA:27,2
DA:29,3
DA:31,2
DA:33,1
DA:38,0
DA:39,0
DA:42,0
DA:43,0
DA:46,0
LF:24
LH:19
BRDA:3,0,0,5
BRDA:3,0,1,4
BRDA:4,1,0,5
BRDA:4,1,1,3
BRDA:7,2,0,1
BRDA:7,2,1,4
BRDA:9,3,0,2
BRDA:9,3,1,2
BRDA:12,4,0,1
BRDA:12,4,1,1
BRDA:20,5,0,6
BRDA:20,5,1,4
BRDA:24,6,0,1
BRDA:24,6,1,5
BRDA:26,7,0,2
BRDA:26,7,1,3
BRDA:29,8,0,1
BRDA:29,8,1,2
BRDA:31,9,0,1
BRDA:31,9,1,1
BRDA:38,10,0,0
BRDA:38,10,1,0
BRDA:38,11,0,0
BRDA:38,11,1,0
BRDA:42,12,0,0
BRDA:42,12,1,0
BRF:26
BRH:20
end_of_record
